app/proguard/seeds.txt
com.dc.ztllib.R$string: int abc_shareactionprovider_share_with_application
com.dc.ztllib.R$styleable: int FontFamilyFont_fontStyle
com.dc.ztllib.R$drawable: int abc_textfield_search_default_mtrl_alpha
com.dc.ztllib.R$styleable: int AppCompatTheme_actionModeSelectAllDrawable
com.dc.ztllib.R$attr: int actionOverflowMenuStyle
com.dc.ztllib.R$styleable: int ActionBar_contentInsetEnd
com.dc.ztllib.R$drawable: int abc_textfield_default_mtrl_alpha
com.dc.ztllib.R$style: int Widget_Compat_NotificationActionContainer
com.dc.ztllib.R$attr: int homeLayout
com.dc.ztllib.R$attr: int lastBaselineToBottomHeight
com.dc.ztllib.R$style: int Theme_AppCompat_DayNight_DialogWhenLarge
com.dc.ztllib.R$style: int TextAppearance_AppCompat_Light_SearchResult_Subtitle
com.dc.ztllib.R$color
com.dc.ztllib.R$styleable: int ConstraintSet_layout_constraintRight_toRightOf
com.dc.ztllib.R$id: int submit_area
com.dc.ztllib.R$styleable: int AppCompatTheme_borderlessButtonStyle
com.dc.ztllib.R$styleable: int ActionBarLayout_android_layout_gravity
com.dc.ztllib.R$styleable: int AppCompatTheme_spinnerDropDownItemStyle
com.dc.ztllib.R$styleable: int DrawerArrowToggle_drawableSize
com.dc.ztllib.R$color: int bright_foreground_disabled_material_dark
com.dc.ztllib.R$style: int Base_TextAppearance_AppCompat
com.dc.ztllib.R$dimen: int abc_floating_window_z
com.dc.ztllib.R$layout: int abc_action_menu_item_layout
com.dc.ztllib.R$attr: int elevation
com.dc.ztllib.R$styleable: int SwitchCompat_switchMinWidth
com.dc.ztllib.R$styleable: int AppCompatTheme_buttonStyle
com.dc.ztllib.R$attr: int autoSizeStepGranularity
com.dc.ztllib.R$styleable: int ConstraintSet_layout_constraintBottom_toTopOf
com.dc.ztllib.R$attr: int showDividers
com.dc.ztllib.R$style: int Theme_AppCompat_DayNight
com.dc.ztllib.R$id: int tag_accessibility_pane_title
com.dc.ztllib.R$dimen: int abc_panel_menu_list_width
com.dc.ztllib.R$drawable: int abc_btn_borderless_material
com.dc.ztllib.R$styleable: int AppCompatTheme_listPreferredItemPaddingLeft
com.dc.ztllib.R$styleable: int AnimatedStateListDrawableCompat_android_variablePadding
com.dc.ztllib.R$color: int primary_text_disabled_material_light
com.dc.ztllib.R$dimen: int abc_action_bar_stacked_tab_max_width
com.dc.ztllib.R$color: int foreground_material_light
com.dc.ztllib.R$style: int Widget_AppCompat_Light_ActionBar_TabBar_Inverse
com.dc.ztllib.R$id: int home
com.dc.ztllib.R$drawable: int abc_ic_star_black_36dp
com.dc.ztllib.R$styleable: int ConstraintLayout_Layout_layout_editor_absoluteY
com.dc.ztllib.R$style: int Theme_AppCompat_Light_Dialog_Alert
com.dc.ztllib.R$attr: int actionModeShareDrawable
com.dc.ztllib.R$attr: int listPopupWindowStyle
com.dc.ztllib.R$style: int Base_Widget_AppCompat_ListView_Menu
com.dc.ztllib.R$styleable: int DrawerArrowToggle_spinBars
com.dc.ztllib.R$drawable: int notify_panel_notification_icon_bg
com.dc.ztllib.R$layout: int abc_search_view
com.dc.ztllib.R$styleable: int AppCompatTheme_actionBarTabStyle
com.dc.ztllib.R$styleable: int GradientColor_android_endX
com.dc.ztllib.R$style: int Base_TextAppearance_Widget_AppCompat_ExpandedMenu_Item
com.dc.ztllib.R$dimen: int abc_text_size_display_2_material
com.dc.ztllib.R$style: int Base_Widget_AppCompat_ActivityChooserView
com.dc.ztllib.R$id: int action_mode_bar_stub
com.dc.ztllib.R$styleable: int MenuGroup_android_visible
com.dc.ztllib.R$style: int Base_Widget_AppCompat_ActionButton_CloseMode
com.dc.ztllib.R$styleable: int Toolbar_maxButtonHeight
com.dc.ztllib.R$styleable: int AppCompatTextView_firstBaselineToTopHeight
com.dc.ztllib.R$color: int abc_btn_colored_text_material
com.dc.ztllib.R$styleable: int AppCompatTheme_selectableItemBackground
com.dc.ztllib.R
com.dc.ztllib.R$style: int Widget_AppCompat_Light_DropDownItem_Spinner
com.dc.ztllib.R$mipmap: R$mipmap()
com.dc.ztllib.R$style: int Base_V7_Widget_AppCompat_EditText
com.dc.ztllib.R$styleable: int ConstraintSet_layout_constraintCircleAngle
com.dc.ztllib.R$anim: int abc_tooltip_exit
com.dc.ztllib.R$styleable