app/proguard/unused.txt
com.dc.ztllib.BuildConfig
...
ZtlApi.ZtlManager
ZtlApi.ZtlManager33287_1
ZtlApi.ZtlManager3128
ZtlApi.ZtlManager32887_1
ZtlApi.ZtlManager33997_1
ZtlApi.Gpio
ZtlApi.ZtlManager3368